2020-10-05 20:15:24.128  INFO 2202 --- [restartedMain] com.mobileapi.api.ApiApplicationKt       : Starting ApiApplicationKt on mac-umarauna.local with PID 2202 (/Users/umarsaiduauna/Documents/IntelliJ/Java/SpringBoot/mobile-api/target/classes started by umarsaiduauna in /Users/umarsaiduauna/Documents/IntelliJ/Java/SpringBoot/mobile-api)
2020-10-05 20:15:24.134  INFO 2202 --- [restartedMain] com.mobileapi.api.ApiApplicationKt       : No active profile set, falling back to default profiles: default
2020-10-05 20:15:24.238  INFO 2202 --- [restartedMain] o.s.b.devtools.restart.ChangeableUrls    : The Class-Path manifest attribute in /Users/umarsaiduauna/.m2/repository/com/sun/xml/bind/jaxb-core/2.3.0.1/jaxb-core-2.3.0.1.jar referenced one or more files that do not exist: file:/Users/umarsaiduauna/.m2/repository/com/sun/xml/bind/jaxb-core/2.3.0.1/jaxb-api.jar
2020-10-05 20:15:24.239  INFO 2202 --- [restartedMain] o.s.b.devtools.restart.ChangeableUrls    : The Class-Path manifest attribute in /Users/umarsaiduauna/.m2/repository/com/sun/xml/bind/jaxb-impl/2.3.1/jaxb-impl-2.3.1.jar referenced one or more files that do not exist: file:/Users/umarsaiduauna/.m2/repository/com/sun/xml/bind/jaxb-impl/2.3.1/jaxb-runtime-2.3.1.jar,file:/Users/umarsaiduauna/.m2/repository/com/sun/xml/bind/jaxb-impl/2.3.1/txw2-2.3.1.jar,file:/Users/umarsaiduauna/.m2/repository/com/sun/xml/bind/jaxb-impl/2.3.1/istack-commons-runtime-3.0.7.jar,file:/Users/umarsaiduauna/.m2/repository/com/sun/xml/bind/jaxb-impl/2.3.1/stax-ex-1.8.jar,file:/Users/umarsaiduauna/.m2/repository/com/sun/xml/bind/jaxb-impl/2.3.1/FastInfoset-1.2.15.jar,file:/Users/umarsaiduauna/.m2/repository/com/sun/xml/bind/jaxb-impl/2.3.1/javax.activation-api-1.2.0.jar
2020-10-05 20:15:24.242  INFO 2202 --- [restartedMain] .e.DevToolsPropertyDefaultsPostProcessor : Devtools property defaults active! Set 'spring.devtools.add-properties' to 'false' to disable
2020-10-05 20:15:25.273  WARN 2202 --- [restartedMain] ConfigServletWebServerApplicationContext : Exception encountered during context initialization - cancelling refresh attempt: org.springframework.beans.factory.support.BeanDefinitionOverrideException: Invalid bean definition with name 'userDetailsService' defined in class path resource [com/mobileapi/api/config/WebSecurityConfig.class]: Cannot register bean definition [Root bean: class [null]; scope=; abstract=false; lazyInit=null; autowireMode=3; dependencyCheck=0; autowireCandidate=true; primary=false; factoryBeanName=webSecurityConfig; factoryMethodName=userDetailsService; initMethodName=null; destroyMethodName=(inferred); defined in class path resource [com/mobileapi/api/config/WebSecurityConfig.class]] for bean 'userDetailsService': There is already [Generic bean: class [com.mobileapi.api.service.UserService]; scope=singleton; abstract=false; lazyInit=null; autowireMode=0; dependencyCheck=0; autowireCandidate=true; primary=false; factoryBeanName=null; factoryMethodName=null; initMethodName=null; destroyMethodName=null; defined in file [/Users/umarsaiduauna/Documents/IntelliJ/Java/SpringBoot/mobile-api/target/classes/com/mobileapi/api/service/UserService.class]] bound.
2020-10-05 20:15:25.288  INFO 2202 --- [restartedMain] ConditionEvaluationReportLoggingListener : 

Error starting ApplicationContext. To display the conditions report re-run your application with 'debug' enabled.
2020-10-05 20:15:25.293 ERROR 2202 --- [restartedMain] o.s.b.d.LoggingFailureAnalysisReporter   : 

***************************
APPLICATION FAILED TO START
***************************

Description:

The bean 'userDetailsService', defined in class path resource [com/mobileapi/api/config/WebSecurityConfig.class], could not be registered. A bean with that name has already been defined in file [/Users/umarsaiduauna/Documents/IntelliJ/Java/SpringBoot/mobile-api/target/classes/com/mobileapi/api/service/UserService.class] and overriding is disabled.

Action:

Consider renaming one of the beans or enabling overriding by setting spring.main.allow-bean-definition-overriding=true

2020-10-05 20:16:03.332  INFO 2217 --- [restartedMain] com.mobileapi.api.ApiApplicationKt       : Starting ApiApplicationKt on mac-umarauna.local with PID 2217 (/Users/umarsaiduauna/Documents/IntelliJ/Java/SpringBoot/mobile-api/target/classes started by umarsaiduauna in /Users/umarsaiduauna/Documents/IntelliJ/Java/SpringBoot/mobile-api)
2020-10-05 20:16:03.336  INFO 2217 --- [restartedMain] com.mobileapi.api.ApiApplicationKt       : No active profile set, falling back to default profiles: default
2020-10-05 20:16:03.417  INFO 2217 --- [restartedMain] o.s.b.devtools.restart.ChangeableUrls    : The Class-Path manifest attribute in /Users/umarsaiduauna/.m2/repository/com/sun/xml/bind/jaxb-core/2.3.0.1/jaxb-core-2.3.0.1.jar referenced one or more files that do not exist: file:/Users/umarsaiduauna/.m2/repository/com/sun/xml/bind/jaxb-core/2.3.0.1/jaxb-api.jar
2020-10-05 20:16:03.417  INFO 2217 --- [restartedMain] o.s.b.devtools.restart.ChangeableUrls    : The Class-Path manifest attribute in /Users/umarsaiduauna/.m2/repository/com/sun/xml/bind/jaxb-impl/2.3.1/jaxb-impl-2.3.1.jar referenced one or more files that do not exist: file:/Users/umarsaiduauna/.m2/repository/com/sun/xml/bind/jaxb-impl/2.3.1/jaxb-runtime-2.3.1.jar,file:/Users/umarsaiduauna/.m2/repository/com/sun/xml/bind/jaxb-impl/2.3.1/txw2-2.3.1.jar,file:/Users/umarsaiduauna/.m2/repository/com/sun/xml/bind/jaxb-impl/2.3.1/istack-commons-runtime-3.0.7.jar,file:/Users/umarsaiduauna/.m2/repository/com/sun/xml/bind/jaxb-impl/2.3.1/stax-ex-1.8.jar,file:/Users/umarsaiduauna/.m2/repository/com/sun/xml/bind/jaxb-impl/2.3.1/FastInfoset-1.2.15.jar,file:/Users/umarsaiduauna/.m2/repository/com/sun/xml/bind/jaxb-impl/2.3.1/javax.activation-api-1.2.0.jar
2020-10-05 20:16:03.418  INFO 2217 --- [restartedMain] .e.DevToolsPropertyDefaultsPostProcessor : Devtools property defaults active! Set 'spring.devtools.add-properties' to 'false' to disable
2020-10-05 20:16:05.143  INFO 2217 --- [restartedMain] .s.d.r.c.RepositoryConfigurationDelegate : Multiple Spring Data modules found, entering strict repository configuration mode!
2020-10-05 20:16:05.144  INFO 2217 --- [restartedMain] .s.d.r.c.RepositoryConfigurationDelegate : Bootstrapping Spring Data JDBC repositories in DEFAULT mode.
2020-10-05 20:16:05.198  INFO 2217 --- [restartedMain] .RepositoryConfigurationExtensionSupport : Spring Data JDBC - Could not safely identify store assignment for repository candidate interface com.mobileapi.api.dao.RoleDao. If you want this repository to be a JDBC repository, consider annotating your entities with one of these annotations: org.springframework.data.relational.core.mapping.Table.
2020-10-05 20:16:05.199  INFO 2217 --- [restartedMain] .RepositoryConfigurationExtensionSupport : Spring Data JDBC - Could not safely identify store assignment for repository candidate interface com.mobileapi.api.dao.UserDao. If you want this repository to be a JDBC repository, consider annotating your entities with one of these annotations: org.springframework.data.relational.core.mapping.Table.
2020-10-05 20:16:05.201  INFO 2217 --- [restartedMain] .RepositoryConfigurationExtensionSupport : Spring Data JDBC - Could not safely identify store assignment for repository candidate interface com.mobileapi.api.dao.UserInfoDao. If you want this repository to be a JDBC repository, consider annotating your entities with one of these annotations: org.springframework.data.relational.core.mapping.Table.
2020-10-05 20:16:05.202  INFO 2217 --- [restartedMain] .s.d.r.c.RepositoryConfigurationDelegate : Finished Spring Data repository scanning in 50ms. Found 0 JDBC repository interfaces.
2020-10-05 20:16:05.213  INFO 2217 --- [restartedMain] .s.d.r.c.RepositoryConfigurationDelegate : Multiple Spring Data modules found, entering strict repository configuration mode!
2020-10-05 20:16:05.214  INFO 2217 --- [restartedMain] .s.d.r.c.RepositoryConfigurationDelegate : Bootstrapping Spring Data JPA repositories in DEFERRED mode.
2020-10-05 20:16:05.251  INFO 2217 --- [restartedMain] .s.d.r.c.RepositoryConfigurationDelegate : Finished Spring Data repository scanning in 31ms. Found 3 JPA repository interfaces.
2020-10-05 20:16:05.950  INFO 2217 --- [restartedMain] o.s.b.w.embedded.tomcat.TomcatWebServer  : Tomcat initialized with port(s): 8080 (http)
2020-10-05 20:16:05.962  INFO 2217 --- [restartedMain] o.apache.catalina.core.StandardService   : Starting service [Tomcat]
2020-10-05 20:16:05.962  INFO 2217 --- [restartedMain] org.apache.catalina.core.StandardEngine  : Starting Servlet engine: [Apache Tomcat/9.0.38]
2020-10-05 20:16:06.063  INFO 2217 --- [restartedMain] o.a.c.c.C.[.[localhost].[/mobileAPI]     : Initializing Spring embedded WebApplicationContext
2020-10-05 20:16:06.064  INFO 2217 --- [restartedMain] w.s.c.ServletWebServerApplicationContext : Root WebApplicationContext: initialization completed in 2646 ms
2020-10-05 20:16:06.226 DEBUG 2217 --- [restartedMain] o.s.b.w.s.ServletContextInitializerBeans : Mapping filters: filterRegistrationBean urls=[/*] order=-2147483647, springSecurityFilterChain urls=[/*] order=-100, characterEncodingFilter urls=[/*] order=-2147483648, formContentFilter urls=[/*] order=-9900, requestContextFilter urls=[/*] order=-105
2020-10-05 20:16:06.226 DEBUG 2217 --- [restartedMain] o.s.b.w.s.ServletContextInitializerBeans : Mapping servlets: dispatcherServlet urls=[/]
2020-10-05 20:16:06.279  INFO 2217 --- [restartedMain] com.zaxxer.hikari.HikariDataSource       : HikariPool-1 - Starting...
2020-10-05 20:16:06.478  INFO 2217 --- [restartedMain] com.zaxxer.hikari.HikariDataSource       : HikariPool-1 - Start completed.
2020-10-05 20:16:06.616  INFO 2217 --- [restartedMain] o.s.s.concurrent.ThreadPoolTaskExecutor  : Initializing ExecutorService 'applicationTaskExecutor'
2020-10-05 20:16:06.669  INFO 2217 --- [task-1] o.hibernate.jpa.internal.util.LogHelper  : HHH000204: Processing PersistenceUnitInfo [name: default]
2020-10-05 20:16:06.716  WARN 2217 --- [restartedMain] JpaBaseConfiguration$JpaWebConfiguration : spring.jpa.open-in-view is enabled by default. Therefore, database queries may be performed during view rendering. Explicitly configure spring.jpa.open-in-view to disable this warning
2020-10-05 20:16:06.738  INFO 2217 --- [task-1] org.hibernate.Version                    : HHH000412: Hibernate ORM core version 5.4.21.Final
2020-10-05 20:16:06.915  INFO 2217 --- [task-1] o.hibernate.annotations.common.Version   : HCANN000001: Hibernate Commons Annotations {5.1.0.Final}
2020-10-05 20:16:06.952 DEBUG 2217 --- [task-1] org.hibernate.type.BasicTypeRegistry     : Adding type registration boolean -> org.hibernate.type.BooleanType@5014c16a
2020-10-05 20:16:06.952 DEBUG 2217 --- [task-1] org.hibernate.type.BasicTypeRegistry     : Adding type registration boolean -> org.hibernate.type.BooleanType@5014c16a
2020-10-05 20:16:06.952 DEBUG 2217 --- [task-1] org.hibernate.type.BasicTypeRegistry     : Adding type registration java.lang.Boolean -> org.hibernate.type.BooleanType@5014c16a
2020-10-05 20:16:06.953 DEBUG 2217 --- [task-1] org.hibernate.type.BasicTypeRegistry     : Adding type registration numeric_boolean -> org.hibernate.type.NumericBooleanType@7ac1e47e
2020-10-05 20:16:06.954 DEBUG 2217 --- [task-1] org.hibernate.type.BasicTypeRegistry     : Adding type registration true_false -> org.hibernate.type.TrueFalseType@163ea144
2020-10-05 20:16:06.955 DEBUG 2217 --- [task-1] org.hibernate.type.BasicTypeRegistry     : Adding type registration yes_no -> org.hibernate.type.YesNoType@6177a237
2020-10-05 20:16:06.957 DEBUG 2217 --- [task-1] org.hibernate.type.BasicTypeRegistry     : Adding type registration byte -> org.hibernate.type.ByteType@57536797
2020-10-05 20:16:06.957 DEBUG 2217 --- [task-1] org.hibernate.type.BasicTypeRegistry     : Adding type registration byte -> org.hibernate.type.ByteType@57536797
2020-10-05 20:16:06.957 DEBUG 2217 --- [task-1] org.hibernate.type.BasicTypeRegistry     : Adding type registration java.lang.Byte -> org.hibernate.type.ByteType@57536797
2020-10-05 20:16:06.958 DEBUG 2217 --- [task-1] org.hibernate.type.BasicTypeRegistry     : Adding type registration character -> org.hibernate.type.CharacterType@3762fac
2020-10-05 20:16:06.958 DEBUG 2217 --- [task-1] org.hibernate.type.BasicTypeRegistry     : Adding type registration char -> org.hibernate.type.CharacterType@3762fac
2020-10-05 20:16:06.958 DEBUG 2217 --- [task-1] org.hibernate.type.BasicTypeRegistry     : Adding type registration java.lang.Character -> org.hibernate.type.CharacterType@3762fac
2020-10-05 20:16:06.960 DEBUG 2217 --- [task-1] org.hibernate.type.BasicTypeRegistry     : Adding type registration short -> org.hibernate.type.ShortType@1c4c90d7
2020-10-05 20:16:06.960 DEBUG 2217 --- [task-1] org.hibernate.type.BasicTypeRegistry     : Adding type registration short -> org.hibernate.type.ShortType@1c4c90d7
2020-10-05 20:16:06.960 DEBUG 2217 --- [task-1] org.hibernate.type.BasicTypeRegistry     : Adding type registration java.lang.Short -> org.hibernate.type.ShortType@1c4c90d7
2020-10-05 20:16:06.961 DEBUG 2217 --- [task-1] org.hibernate.type.BasicTypeRegistry     : Adding type registration integer -> org.hibernate.type.IntegerType@5f0f8f6a
2020-10-05 20:16:06.961 DEBUG 2217 --- [task-1] org.hibernate.type.BasicTypeRegistry     : Adding type registration int -> org.hibernate.type.IntegerType@5f0f8f6a
2020-10-05 20:16:06.961 DEBUG 2217 --- [task-1] org.hibernate.type.BasicTypeRegistry     : Adding type registration java.lang.Integer -> org.hibernate.type.IntegerType@5f0f8f6a
2020-10-05 20:16:06.962 DEBUG 2217 --- [task-1] org.hibernate.type.BasicTypeRegistry     : Adding type registration long -> org.hibernate.type.LongType@7c075db3
2020-10-05 20:16:06.963 DEBUG 2217 --- [task-1] org.hibernate.type.BasicTypeRegistry     : Adding type registration long -> org.hibernate.type.LongType@7c075db3
2020-10-05 20:16:06.963 DEBUG 2217 --- [task-1] org.hibernate.type.BasicTypeRegistry     : Adding type registration java.lang.Long -> org.hibernate.type.LongType@7c075db3
2020-10-05 20:16:06.964 DEBUG 2217 --- [task-1] org.hibernate.type.BasicTypeRegistry     : Adding type registration float -> org.hibernate.type.FloatType@f35a8cc
2020-10-05 20:16:06.964 DEBUG 2217 --- [task-1] org.hibernate.type.BasicTypeRegistry     : Adding type registration float -> org.hibernate.type.FloatType@f35a8cc
2020-10-05 20:16:06.964 DEBUG 2217 --- [task-1] org.hibernate.type.BasicTypeRegistry     : Adding type registration java.lang.Float -> org.hibernate.type.FloatType@f35a8cc
2020-10-05 20:16:06.965 DEBUG 2217 --- [task-1] org.hibernate.type.BasicTypeRegistry     : Adding type registration double -> org.hibernate.type.DoubleType@1db29ce2
2020-10-05 20:16:06.965 DEBUG 2217 --- [task-1] org.hibernate.type.BasicTypeRegistry     : Adding type registration double -> org.hibernate.type.DoubleType@1db29ce2
2020-10-05 20:16:06.965 DEBUG 2217 --- [task-1] org.hibernate.type.BasicTypeRegistry     : Adding type registration java.lang.Double -> org.hibernate.type.DoubleType@1db29ce2
2020-10-05 20:16:06.966 DEBUG 2217 --- [task-1] org.hibernate.type.BasicTypeRegistry     : Adding type registration big_decimal -> org.hibernate.type.BigDecimalType@2dcabaa5
2020-10-05 20:16:06.967 DEBUG 2217 --- [task-1] org.hibernate.type.BasicTypeRegistry     : Adding type registration java.math.BigDecimal -> org.hibernate.type.BigDecimalType@2dcabaa5
2020-10-05 20:16:06.967 DEBUG 2217 --- [task-1] org.hibernate.type.BasicTypeRegistry     : Adding type registration big_integer -> org.hibernate.type.BigIntegerType@702ee9d8
2020-10-05 20:16:06.968 DEBUG 2217 --- [task-1] org.hibernate.type.BasicTypeRegistry     : Adding type registration java.math.BigInteger -> org.hibernate.type.BigIntegerType@702ee9d8
2020-10-05 20:16:06.968 DEBUG 2217 --- [task-1] org.hibernate.type.BasicTypeRegistry     : Adding type registration string -> org.hibernate.type.StringType@38aa8ff6
2020-10-05 20:16:06.969 DEBUG 2217 --- [task-1] org.hibernate.type.BasicTypeRegistry     : Adding type registration java.lang.String -> org.hibernate.type.StringType@38aa8ff6
2020-10-05 20:16:06.969 DEBUG 2217 --- [task-1] org.hibernate.type.BasicTypeRegistry     : Adding type registration nstring -> org.hibernate.type.StringNVarcharType@3637b0f9
2020-10-05 20:16:06.970 DEBUG 2217 --- [task-1] org.hibernate.type.BasicTypeRegistry     : Adding type registration ncharacter -> org.hibernate.type.CharacterNCharType@ab5d7a0
2020-10-05 20:16:06.971 DEBUG 2217 --- [task-1] org.hibernate.type.BasicTypeRegistry     : Adding type registration url -> org.hibernate.type.UrlType@421ed9c4
2020-10-05 20:16:06.971 DEBUG 2217 --- [task-1] org.hibernate.type.BasicTypeRegistry     : Adding type registration java.net.URL -> org.hibernate.type.UrlType@421ed9c4
2020-10-05 20:16:06.972 DEBUG 2217 --- [task-1] org.hibernate.type.BasicTypeRegistry     : Adding type registration Duration -> org.hibernate.type.DurationType@71aa9444
2020-10-05 20:16:06.972 DEBUG 2217 --- [task-1] org.hibernate.type.BasicTypeRegistry     : Adding type registration java.time.Duration -> org.hibernate.type.DurationType@71aa9444
2020-10-05 20:16:06.973 DEBUG 2217 --- [task-1] org.hibernate.type.BasicTypeRegistry     : Adding type registration Instant -> org.hibernate.type.InstantType@1e3929d4
2020-10-05 20:16:06.973 DEBUG 2217 --- [task-1] org.hibernate.type.BasicTypeRegistry     : Adding type registration java.time.Instant -> org.hibernate.type.InstantType@1e3929d4
2020-10-05 20:16:06.974 DEBUG 2217 --- [task-1] org.hibernate.type.BasicTypeRegistry     : Adding type registration LocalDateTime -> org.hibernate.type.LocalDateTimeType@6b442312
2020-10-05 20:16:06.974 DEBUG 2217 --- [task-1] org.hibernate.type.BasicTypeRegistry     : Adding type registration java.time.LocalDateTime -> org.hibernate.type.LocalDateTimeType@6b442312
2020-10-05 20:16:06.975 DEBUG 2217 --- [task-1] org.hibernate.type.BasicTypeRegistry     : Adding type registration LocalDate -> org.hibernate.type.LocalDateType@32fcfccc
2020-10-05 20:16:06.976 DEBUG 2217 --- [task-1] org.hibernate.type.BasicTypeRegistry     : Adding type registration java.time.LocalDate -> org.hibernate.type.LocalDateType@32fcfccc
2020-10-05 20:16:06.977 DEBUG 2217 --- [task-1] org.hibernate.type.BasicTypeRegistry     : Adding type registration LocalTime -> org.hibernate.type.LocalTimeType@64a34137
2020-10-05 20:16:06.977 DEBUG 2217 --- [task-1] org.hibernate.type.BasicTypeRegistry     : Adding type registration java.time.LocalTime -> org.hibernate.type.LocalTimeType@64a34137
2020-10-05 20:16:06.979 DEBUG 2217 --- [task-1] org.hibernate.type.BasicTypeRegistry     : Adding type registration OffsetDateTime -> org.hibernate.type.OffsetDateTimeType@5096ebef
2020-10-05 20:16:06.979 DEBUG 2217 --- [task-1] org.hibernate.type.BasicTypeRegistry     : Adding type registration java.time.OffsetDateTime -> org.hibernate.type.OffsetDateTimeType@5096ebef
2020-10-05 20:16:06.980 DEBUG 2217 --- [task-1] org.hibernate.type.BasicTypeRegistry     : Adding type registration OffsetTime -> org.hibernate.type.OffsetTimeType@586970a8
2020-10-05 20:16:06.980 DEBUG 2217 --- [task-1] org.hibernate.type.BasicTypeRegistry     : Adding type registration java.time.OffsetTime -> org.hibernate.type.OffsetTimeType@586970a8
2020-10-05 20:16:06.982 DEBUG 2217 --- [task-1] org.hibernate.type.BasicTypeRegistry     : Adding type registration ZonedDateTime -> org.hibernate.type.ZonedDateTimeType@4dbd3946
2020-10-05 20:16:06.982 DEBUG 2217 --- [task-1] org.hibernate.type.BasicTypeRegistry     : Adding type registration java.time.ZonedDateTime -> org.hibernate.type.ZonedDateTimeType@4dbd3946
2020-10-05 20:16:06.984 DEBUG 2217 --- [task-1] org.hibernate.type.BasicTypeRegistry     : Adding type registration date -> org.hibernate.type.DateType@9e36ade
2020-10-05 20:16:06.984 DEBUG 2217 --- [task-1] org.hibernate.type.BasicTypeRegistry     : Adding type registration java.sql.Date -> org.hibernate.type.DateType@9e36ade
2020-10-05 20:16:06.985 DEBUG 2217 --- [task-1] org.hibernate.type.BasicTypeRegistry     : Adding type registration time -> org.hibernate.type.TimeType@1df5dc6a
2020-10-05 20:16:06.985 DEBUG 2217 --- [task-1] org.hibernate.type.BasicTypeRegistry     : Adding type registration java.sql.Time -> org.hibernate.type.TimeType@1df5dc6a
2020-10-05 20:16:06.986 DEBUG 2217 --- [task-1] org.hibernate.type.BasicTypeRegistry     : Adding type registration timestamp -> org.hibernate.type.TimestampType@3970a081
2020-10-05 20:16:06.987 DEBUG 2217 --- [task-1] org.hibernate.type.BasicTypeRegistry     : Adding type registration java.sql.Timestamp -> org.hibernate.type.TimestampType@3970a081
2020-10-05 20:16:06.987 DEBUG 2217 --- [task-1] org.hibernate.type.BasicTypeRegistry     : Adding type registration java.util.Date -> org.hibernate.type.TimestampType@3970a081
2020-10-05 20:16:06.988 DEBUG 2217 --- [task-1] org.hibernate.type.BasicTypeRegistry     : Adding type registration dbtimestamp -> org.hibernate.type.DbTimestampType@27dd1f1
2020-10-05 20:16:06.989 DEBUG 2217 --- [task-1] org.hibernate.type.BasicTypeRegistry     : Adding type registration calendar -> org.hibernate.type.CalendarType@64769ffd
2020-10-05 20:16:06.990 DEBUG 2217 --- [task-1] org.hibernate.type.BasicTypeRegistry     : Adding type registration java.util.Calendar -> org.hibernate.type.CalendarType@64769ffd
2020-10-05 20:16:06.990 DEBUG 2217 --- [task-1] org.hibernate.type.BasicTypeRegistry     : Adding type registration java.util.GregorianCalendar -> org.hibernate.type.CalendarType@64769ffd
2020-10-05 20:16:06.990 DEBUG 2217 --- [task-1] org.hibernate.type.BasicTypeRegistry     : Adding type registration calendar_date -> org.hibernate.type.CalendarDateType@298c80cb
2020-10-05 20:16:06.991 DEBUG 2217 --- [task-1] org.hibernate.type.BasicTypeRegistry     : Adding type registration calendar_time -> org.hibernate.type.CalendarTimeType@51f81078
2020-10-05 20:16:06.992 DEBUG 2217 --- [task-1] org.hibernate.type.BasicTypeRegistry     : Adding type registration locale -> org.hibernate.type.LocaleType@2c8aec9f
2020-10-05 20:16:06.992 DEBUG 2217 --- [task-1] org.hibernate.type.BasicTypeRegistry     : Adding type registration java.util.Locale -> org.hibernate.type.LocaleType@2c8aec9f
2020-10-05 20:16:06.993 DEBUG 2217 --- [task-1] org.hibernate.type.BasicTypeRegistry     : Adding type registration currency -> org.hibernate.type.CurrencyType@727f0043
2020-10-05 20:16:06.993 DEBUG 2217 --- [task-1] org.hibernate.type.BasicTypeRegistry     : Adding type registration java.util.Currency -> org.hibernate.type.CurrencyType@727f0043
2020-10-05 20:16:06.994 DEBUG 2217 --- [task-1] org.hibernate.type.BasicTypeRegistry     : Adding type registration timezone -> org.hibernate.type.TimeZoneType@2953d659
2020-10-05 20:16:06.994 DEBUG 2217 --- [task-1] org.hibernate.type.BasicTypeRegistry     : Adding type registration java.util.TimeZone -> org.hibernate.type.TimeZoneType@2953d659
2020-10-05 20:16:06.995 DEBUG 2217 --- [task-1] org.hibernate.type.BasicTypeRegistry     : Adding type registration class -> org.hibernate.type.ClassType@7708a6e9
2020-10-05 20:16:06.995 DEBUG 2217 --- [task-1] org.hibernate.type.BasicTypeRegistry     : Adding type registration java.lang.Class -> org.hibernate.type.ClassType@7708a6e9
2020-10-05 20:16:06.996 DEBUG 2217 --- [task-1] org.hibernate.type.BasicTypeRegistry     : Adding type registration uuid-binary -> org.hibernate.type.UUIDBinaryType@3a104022
2020-10-05 20:16:06.996 DEBUG 2217 --- [task-1] org.hibernate.type.BasicTypeRegistry     : Adding type registration java.util.UUID -> org.hibernate.type.UUIDBinaryType@3a104022
2020-10-05 20:16:06.997 DEBUG 2217 --- [task-1] org.hibernate.type.BasicTypeRegistry     : Adding type registration uuid-char -> org.hibernate.type.UUIDCharType@4138bb18
2020-10-05 20:16:06.998 DEBUG 2217 --- [task-1] org.hibernate.type.BasicTypeRegistry     : Adding type registration binary -> org.hibernate.type.BinaryType@4dca9c50
2020-10-05 20:16:06.998 DEBUG 2217 --- [task-1] org.hibernate.type.BasicTypeRegistry     : Adding type registration byte[] -> org.hibernate.type.BinaryType@4dca9c50
2020-10-05 20:16:06.999 DEBUG 2217 --- [task-1] org.hibernate.type.BasicTypeRegistry     : Adding type registration [B -> org.hibernate.type.BinaryType@4dca9c50
2020-10-05 20:16:06.999 DEBUG 2217 --- [task-1] org.hibernate.type.BasicTypeRegistry     : Adding type registration wrapper-binary -> org.hibernate.type.WrapperBinaryType@422c0d47
2020-10-05 20:16:06.999 DEBUG 2217 --- [task-1] org.hibernate.type.BasicTypeRegistry     : Adding type registration Byte[] -> org.hibernate.type.WrapperBinaryType@422c0d47
2020-10-05 20:16:07.000 DEBUG 2217 --- [task-1] org.hibernate.type.BasicTypeRegistry     : Adding type registration [Ljava.lang.Byte; -> org.hibernate.type.WrapperBinaryType@422c0d47
2020-10-05 20:16:07.001 DEBUG 2217 --- [task-1] org.hibernate.type.BasicTypeRegistry     : Adding type registration row_version -> org.hibernate.type.RowVersionType@15141cd8
2020-10-05 20:16:07.001 DEBUG 2217 --- [task-1] org.hibernate.type.BasicTypeRegistry     : Adding type registration image -> org.hibernate.type.ImageType@3b9beaf4
2020-10-05 20:16:07.002 DEBUG 2217 --- [task-1] org.hibernate.type.BasicTypeRegistry     : Adding type registration characters -> org.hibernate.type.CharArrayType@34a7818c
2020-10-05 20:16:07.002 DEBUG 2217 --- [task-1] org.hibernate.type.BasicTypeRegistry     : Adding type registration char[] -> org.hibernate.type.CharArrayType@34a7818c
2020-10-05 20:16:07.002 DEBUG 2217 --- [task-1] org.hibernate.type.BasicTypeRegistry     : Adding type registration [C -> org.hibernate.type.CharArrayType@34a7818c
2020-10-05 20:16:07.003 DEBUG 2217 --- [task-1] org.hibernate.type.BasicTypeRegistry     : Adding type registration wrapper-characters -> org.hibernate.type.CharacterArrayType@32ec6907
2020-10-05 20:16:07.003 DEBUG 2217 --- [task-1] org.hibernate.type.BasicTypeRegistry     : Adding type registration [Ljava.lang.Character; -> org.hibernate.type.CharacterArrayType@32ec6907
2020-10-05 20:16:07.003 DEBUG 2217 --- [task-1] org.hibernate.type.BasicTypeRegistry     : Adding type registration Character[] -> org.hibernate.type.CharacterArrayType@32ec6907
2020-10-05 20:16:07.004 DEBUG 2217 --- [task-1] org.hibernate.type.BasicTypeRegistry     : Adding type registration text -> org.hibernate.type.TextType@4fa0c599
2020-10-05 20:16:07.004 DEBUG 2217 --- [task-1] org.hibernate.type.BasicTypeRegistry     : Adding type registration ntext -> org.hibernate.type.NTextType@1bc5214c
2020-10-05 20:16:07.005 DEBUG 2217 --- [task-1] org.hibernate.type.BasicTypeRegistry     : Adding type registration blob -> org.hibernate.type.BlobType@4d20cfd3
2020-10-05 20:16:07.005 DEBUG 2217 --- [task-1] org.hibernate.type.BasicTypeRegistry     : Adding type registration java.sql.Blob -> org.hibernate.type.BlobType@4d20cfd3
2020-10-05 20:16:07.006 DEBUG 2217 --- [task-1] org.hibernate.type.BasicTypeRegistry     : Adding type registration materialized_blob -> org.hibernate.type.MaterializedBlobType@6a282716
2020-10-05 20:16:07.007 DEBUG 2217 --- [task-1] org.hibernate.type.BasicTypeRegistry     : Adding type registration clob -> org.hibernate.type.ClobType@5b128179
2020-10-05 20:16:07.007 DEBUG 2217 --- [task-1] org.hibernate.type.BasicTypeRegistry     : Adding type registration java.sql.Clob -> org.hibernate.type.ClobType@5b128179
2020-10-05 20:16:07.008 DEBUG 2217 --- [task-1] org.hibernate.type.BasicTypeRegistry     : Adding type registration nclob -> org.hibernate.type.NClobType@5f3bb63b
2020-10-05 20:16:07.009 DEBUG 2217 --- [task-1] org.hibernate.type.BasicTypeRegistry     : Adding type registration java.sql.NClob -> org.hibernate.type.NClobType@5f3bb63b
2020-10-05 20:16:07.009 DEBUG 2217 --- [task-1] org.hibernate.type.BasicTypeRegistry     : Adding type registration materialized_clob -> org.hibernate.type.MaterializedClobType@f05bf5e
2020-10-05 20:16:07.009 DEBUG 2217 --- [task-1] org.hibernate.type.BasicTypeRegistry     : Adding type registration materialized_nclob -> org.hibernate.type.MaterializedNClobType@fc842be
2020-10-05 20:16:07.011 DEBUG 2217 --- [task-1] org.hibernate.type.BasicTypeRegistry     : Adding type registration serializable -> org.hibernate.type.SerializableType@2ce989bf
2020-10-05 20:16:07.014 DEBUG 2217 --- [task-1] org.hibernate.type.BasicTypeRegistry     : Adding type registration object -> org.hibernate.type.ObjectType@624144b3
2020-10-05 20:16:07.014 DEBUG 2217 --- [task-1] org.hibernate.type.BasicTypeRegistry     : Adding type registration java.lang.Object -> org.hibernate.type.ObjectType@624144b3
2020-10-05 20:16:07.015 DEBUG 2217 --- [task-1] org.hibernate.type.BasicTypeRegistry     : Adding type registration imm_date -> org.hibernate.type.AdaptedImmutableType@5f5b003e
2020-10-05 20:16:07.015 DEBUG 2217 --- [task-1] org.hibernate.type.BasicTypeRegistry     : Adding type registration imm_time -> org.hibernate.type.AdaptedImmutableType@14706589
2020-10-05 20:16:07.015 DEBUG 2217 --- [task-1] org.hibernate.type.BasicTypeRegistry     : Adding type registration imm_timestamp -> org.hibernate.type.AdaptedImmutableType@d15ec69
2020-10-05 20:16:07.015 DEBUG 2217 --- [task-1] org.hibernate.type.BasicTypeRegistry     : Adding type registration imm_dbtimestamp -> org.hibernate.type.AdaptedImmutableType@7bd2986
2020-10-05 20:16:07.015 DEBUG 2217 --- [task-1] org.hibernate.type.BasicTypeRegistry     : Adding type registration imm_calendar -> org.hibernate.type.AdaptedImmutableType@e093bf
2020-10-05 20:16:07.015 DEBUG 2217 --- [task-1] org.hibernate.type.BasicTypeRegistry     : Adding type registration imm_calendar_date -> org.hibernate.type.AdaptedImmutableType@172bf207
2020-10-05 20:16:07.015 DEBUG 2217 --- [task-1] org.hibernate.type.BasicTypeRegistry     : Adding type registration imm_binary -> org.hibernate.type.AdaptedImmutableType@35ff222f
2020-10-05 20:16:07.015 DEBUG 2217 --- [task-1] org.hibernate.type.BasicTypeRegistry     : Adding type registration imm_serializable -> org.hibernate.type.AdaptedImmutableType@5b60dc0f
2020-10-05 20:16:07.077  INFO 2217 --- [task-1] org.hibernate.dialect.Dialect            : HHH000400: Using dialect: org.hibernate.dialect.MySQL5Dialect
2020-10-05 20:16:07.169 DEBUG 2217 --- [task-1] o.h.type.spi.TypeConfiguration$Scope     : Scoping TypeConfiguration [org.hibernate.type.spi.TypeConfiguration@185b0596] to MetadataBuildingContext [org.hibernate.boot.internal.MetadataBuildingContextRootImpl@2c6fa025]
2020-10-05 20:16:07.310  INFO 2217 --- [restartedMain] o.s.s.web.DefaultSecurityFilterChain     : Creating filter chain: OrRequestMatcher [requestMatchers=[Ant [pattern='/oauth/token'], Ant [pattern='/oauth/token_key'], Ant [pattern='/oauth/check_token']]], [org.springframework.security.web.context.request.async.WebAsyncManagerIntegrationFilter@749c26bb, org.springframework.security.web.context.SecurityContextPersistenceFilter@35bd6ab6, org.springframework.security.web.header.HeaderWriterFilter@3cbe559f, org.springframework.security.web.authentication.logout.LogoutFilter@182af8cf, org.springframework.security.web.authentication.www.BasicAuthenticationFilter@10a0a4eb, org.springframework.security.web.savedrequest.RequestCacheAwareFilter@bea2cf, org.springframework.security.web.servletapi.SecurityContextHolderAwareRequestFilter@176067a0, org.springframework.security.web.authentication.AnonymousAuthenticationFilter@610e533f, org.springframework.security.web.session.SessionManagementFilter@2885d55c, org.springframework.security.web.access.ExceptionTranslationFilter@6dcad00a, org.springframework.security.web.access.intercept.FilterSecurityInterceptor@254af306]
2020-10-05 20:16:07.323  INFO 2217 --- [restartedMain] o.s.s.web.DefaultSecurityFilterChain     : Creating filter chain: org.springframework.security.oauth2.config.annotation.web.configuration.ResourceServerConfiguration$NotOAuthRequestMatcher@d2f0f1e, [org.springframework.security.web.context.request.async.WebAsyncManagerIntegrationFilter@72ee208f, org.springframework.security.web.context.SecurityContextPersistenceFilter@4ca06545, org.springframework.security.web.header.HeaderWriterFilter@2620a2f2, org.springframework.security.web.authentication.logout.LogoutFilter@24ccebb0, org.springframework.security.oauth2.provider.authentication.OAuth2AuthenticationProcessingFilter@265c0900, org.springframework.security.web.savedrequest.RequestCacheAwareFilter@6923be18, org.springframework.security.web.servletapi.SecurityContextHolderAwareRequestFilter@4a37b6fc, org.springframework.security.web.session.SessionManagementFilter@251081e2, org.springframework.security.web.access.ExceptionTranslationFilter@19478c2d, org.springframework.security.web.access.intercept.FilterSecurityInterceptor@288d2f1b]
2020-10-05 20:16:07.339  INFO 2217 --- [restartedMain] o.s.s.web.DefaultSecurityFilterChain     : Creating filter chain: any request, [org.springframework.security.web.context.request.async.WebAsyncManagerIntegrationFilter@5bf2d612, org.springframework.security.web.context.SecurityContextPersistenceFilter@744113c7, org.springframework.security.web.header.HeaderWriterFilter@2c413043, org.springframework.security.web.csrf.CsrfFilter@38f40a5d, org.springframework.security.web.authentication.logout.LogoutFilter@4c79e4dd, org.springframework.security.web.authentication.UsernamePasswordAuthenticationFilter@1cbf2212, org.springframework.security.web.authentication.ui.DefaultLoginPageGeneratingFilter@8c85210, org.springframework.security.web.authentication.ui.DefaultLogoutPageGeneratingFilter@39965aae, org.springframework.security.web.authentication.www.BasicAuthenticationFilter@5830467e, org.springframework.security.web.savedrequest.RequestCacheAwareFilter@3b906752, org.springframework.security.web.servletapi.SecurityContextHolderAwareRequestFilter@1e769b4b, org.springframework.security.web.authentication.AnonymousAuthenticationFilter@5c5c403c, org.springframework.security.web.session.SessionManagementFilter@6cff4ae7, org.springframework.security.web.access.ExceptionTranslationFilter@279bce9, org.springframework.security.web.access.intercept.FilterSecurityInterceptor@6cc9943]
2020-10-05 20:16:07.460 DEBUG 2217 --- [task-1] o.h.type.spi.TypeConfiguration$Scope     : Scoping TypeConfiguration [org.hibernate.type.spi.TypeConfiguration@185b0596] to SessionFactoryImpl [org.hibernate.internal.SessionFactoryImpl@1354e5f0]
2020-10-05 20:16:07.525 DEBUG 2217 --- [restartedMain] s.w.s.m.m.a.RequestMappingHandlerAdapter : ControllerAdvice beans: 0 @ModelAttribute, 0 @InitBinder, 1 RequestBodyAdvice, 1 ResponseBodyAdvice
2020-10-05 20:16:07.567 DEBUG 2217 --- [restartedMain] s.w.s.m.m.a.RequestMappingHandlerMapping : 4 mappings in 'requestMappingHandlerMapping'
2020-10-05 20:16:07.604 DEBUG 2217 --- [restartedMain] o.s.w.s.handler.SimpleUrlHandlerMapping  : Patterns [/webjars/**, /**] in 'resourceHandlerMapping'
2020-10-05 20:16:07.626 DEBUG 2217 --- [restartedMain] .m.m.a.ExceptionHandlerExceptionResolver : ControllerAdvice beans: 0 @ExceptionHandler, 1 ResponseBodyAdvice
2020-10-05 20:16:07.662  WARN 2217 --- [restartedMain] ion$DefaultTemplateResolverConfiguration : Cannot find template location: classpath:/templates/ (please add some templates or check your Thymeleaf configuration)
2020-10-05 20:16:07.768  INFO 2217 --- [task-1] o.h.e.t.j.p.i.JtaPlatformInitiator       : HHH000490: Using JtaPlatform implementation: [org.hibernate.engine.transaction.jta.platform.internal.NoJtaPlatform]
2020-10-05 20:16:07.774 TRACE 2217 --- [task-1] o.h.type.spi.TypeConfiguration$Scope     : Handling #sessionFactoryCreated from [org.hibernate.internal.SessionFactoryImpl@1354e5f0] for TypeConfiguration
2020-10-05 20:16:07.776  INFO 2217 --- [task-1] j.LocalContainerEntityManagerFactoryBean : Initialized JPA EntityManagerFactory for persistence unit 'default'
2020-10-05 20:16:07.793  INFO 2217 --- [task-2] o.s.b.d.a.OptionalLiveReloadServer       : LiveReload server is running on port 35729
2020-10-05 20:16:07.930 DEBUG 2217 --- [restartedMain] o.h.stat.internal.StatisticsInitiator    : Statistics initialized [enabled=true]
2020-10-05 20:16:08.179  INFO 2217 --- [restartedMain] o.s.b.a.e.web.EndpointLinksResolver      : Exposing 14 endpoint(s) beneath base path '/actuator'
2020-10-05 20:16:08.324  INFO 2217 --- [restartedMain] o.s.b.w.embedded.tomcat.TomcatWebServer  : Tomcat started on port(s): 8080 (http) with context path '/mobileAPI'
2020-10-05 20:16:08.326  INFO 2217 --- [restartedMain] DeferredRepositoryInitializationListener : Triggering deferred initialization of Spring Data repositories…
2020-10-05 20:16:08.467  INFO 2217 --- [restartedMain] i.StatisticalLoggingSessionEventListener : Session Metrics {
    0 nanoseconds spent acquiring 0 JDBC connections;
    0 nanoseconds spent releasing 0 JDBC connections;
    0 nanoseconds spent preparing 0 JDBC statements;
    0 nanoseconds spent executing 0 JDBC statements;
    0 nanoseconds spent executing 0 JDBC batches;
    0 nanoseconds spent performing 0 L2C puts;
    0 nanoseconds spent performing 0 L2C hits;
    0 nanoseconds spent performing 0 L2C misses;
    0 nanoseconds spent executing 0 flushes (flushing a total of 0 entities and 0 collections);
    0 nanoseconds spent executing 0 partial-flushes (flushing a total of 0 entities and 0 collections)
}
2020-10-05 20:16:08.469  INFO 2217 --- [restartedMain] i.StatisticalLoggingSessionEventListener : Session Metrics {
    0 nanoseconds spent acquiring 0 JDBC connections;
    0 nanoseconds spent releasing 0 JDBC connections;
    0 nanoseconds spent preparing 0 JDBC statements;
    0 nanoseconds spent executing 0 JDBC statements;
    0 nanoseconds spent executing 0 JDBC batches;
    0 nanoseconds spent performing 0 L2C puts;
    0 nanoseconds spent performing 0 L2C hits;
    0 nanoseconds spent performing 0 L2C misses;
    0 nanoseconds spent executing 0 flushes (flushing a total of 0 entities and 0 collections);
    0 nanoseconds spent executing 0 partial-flushes (flushing a total of 0 entities and 0 collections)
}
2020-10-05 20:16:08.543  INFO 2217 --- [restartedMain] i.StatisticalLoggingSessionEventListener : Session Metrics {
    0 nanoseconds spent acquiring 0 JDBC connections;
    0 nanoseconds spent releasing 0 JDBC connections;
    0 nanoseconds spent preparing 0 JDBC statements;
    0 nanoseconds spent executing 0 JDBC statements;
    0 nanoseconds spent executing 0 JDBC batches;
    0 nanoseconds spent performing 0 L2C puts;
    0 nanoseconds spent performing 0 L2C hits;
    0 nanoseconds spent performing 0 L2C misses;
    0 nanoseconds spent executing 0 flushes (flushing a total of 0 entities and 0 collections);
    0 nanoseconds spent executing 0 partial-flushes (flushing a total of 0 entities and 0 collections)
}
2020-10-05 20:16:08.610  INFO 2217 --- [restartedMain] i.StatisticalLoggingSessionEventListener : Session Metrics {
    0 nanoseconds spent acquiring 0 JDBC connections;
    0 nanoseconds spent releasing 0 JDBC connections;
    0 nanoseconds spent preparing 0 JDBC statements;
    0 nanoseconds spent executing 0 JDBC statements;
    0 nanoseconds spent executing 0 JDBC batches;
    0 nanoseconds spent performing 0 L2C puts;
    0 nanoseconds spent performing 0 L2C hits;
    0 nanoseconds spent performing 0 L2C misses;
    0 nanoseconds spent executing 0 flushes (flushing a total of 0 entities and 0 collections);
    0 nanoseconds spent executing 0 partial-flushes (flushing a total of 0 entities and 0 collections)
}
2020-10-05 20:16:08.611  INFO 2217 --- [restartedMain] i.StatisticalLoggingSessionEventListener : Session Metrics {
    0 nanoseconds spent acquiring 0 JDBC connections;
    0 nanoseconds spent releasing 0 JDBC connections;
    0 nanoseconds spent preparing 0 JDBC statements;
    0 nanoseconds spent executing 0 JDBC statements;
    0 nanoseconds spent executing 0 JDBC batches;
    0 nanoseconds spent performing 0 L2C puts;
    0 nanoseconds spent performing 0 L2C hits;
    0 nanoseconds spent performing 0 L2C misses;
    0 nanoseconds spent executing 0 flushes (flushing a total of 0 entities and 0 collections);
    0 nanoseconds spent executing 0 partial-flushes (flushing a total of 0 entities and 0 collections)
}
2020-10-05 20:16:08.679  INFO 2217 --- [restartedMain] i.StatisticalLoggingSessionEventListener : Session Metrics {
    0 nanoseconds spent acquiring 0 JDBC connections;
    0 nanoseconds spent releasing 0 JDBC connections;
    0 nanoseconds spent preparing 0 JDBC statements;
    0 nanoseconds spent executing 0 JDBC statements;
    0 nanoseconds spent executing 0 JDBC batches;
    0 nanoseconds spent performing 0 L2C puts;
    0 nanoseconds spent performing 0 L2C hits;
    0 nanoseconds spent performing 0 L2C misses;
    0 nanoseconds spent executing 0 flushes (flushing a total of 0 entities and 0 collections);
    0 nanoseconds spent executing 0 partial-flushes (flushing a total of 0 entities and 0 collections)
}
2020-10-05 20:16:08.733  INFO 2217 --- [restartedMain] i.StatisticalLoggingSessionEventListener : Session Metrics {
    0 nanoseconds spent acquiring 0 JDBC connections;
    0 nanoseconds spent releasing 0 JDBC connections;
    0 nanoseconds spent preparing 0 JDBC statements;
    0 nanoseconds spent executing 0 JDBC statements;
    0 nanoseconds spent executing 0 JDBC batches;
    0 nanoseconds spent performing 0 L2C puts;
    0 nanoseconds spent performing 0 L2C hits;
    0 nanoseconds spent performing 0 L2C misses;
    0 nanoseconds spent executing 0 flushes (flushing a total of 0 entities and 0 collections);
    0 nanoseconds spent executing 0 partial-flushes (flushing a total of 0 entities and 0 collections)
}
2020-10-05 20:16:08.752  INFO 2217 --- [restartedMain] i.StatisticalLoggingSessionEventListener : Session Metrics {
    0 nanoseconds spent acquiring 0 JDBC connections;
    0 nanoseconds spent releasing 0 JDBC connections;
    0 nanoseconds spent preparing 0 JDBC statements;
    0 nanoseconds spent executing 0 JDBC statements;
    0 nanoseconds spent executing 0 JDBC batches;
    0 nanoseconds spent performing 0 L2C puts;
    0 nanoseconds spent performing 0 L2C hits;
    0 nanoseconds spent performing 0 L2C misses;
    0 nanoseconds spent executing 0 flushes (flushing a total of 0 entities and 0 collections);
    0 nanoseconds spent executing 0 partial-flushes (flushing a total of 0 entities and 0 collections)
}
2020-10-05 20:16:08.753  INFO 2217 --- [restartedMain] i.StatisticalLoggingSessionEventListener : Session Metrics {
    0 nanoseconds spent acquiring 0 JDBC connections;
    0 nanoseconds spent releasing 0 JDBC connections;
    0 nanoseconds spent preparing 0 JDBC statements;
    0 nanoseconds spent executing 0 JDBC statements;
    0 nanoseconds spent executing 0 JDBC batches;
    0 nanoseconds spent performing 0 L2C puts;
    0 nanoseconds spent performing 0 L2C hits;
    0 nanoseconds spent performing 0 L2C misses;
    0 nanoseconds spent executing 0 flushes (flushing a total of 0 entities and 0 collections);
    0 nanoseconds spent executing 0 partial-flushes (flushing a total of 0 entities and 0 collections)
}
2020-10-05 20:16:08.769  INFO 2217 --- [restartedMain] i.StatisticalLoggingSessionEventListener : Session Metrics {
    0 nanoseconds spent acquiring 0 JDBC connections;
    0 nanoseconds spent releasing 0 JDBC connections;
    0 nanoseconds spent preparing 0 JDBC statements;
    0 nanoseconds spent executing 0 JDBC statements;
    0 nanoseconds spent executing 0 JDBC batches;
    0 nanoseconds spent performing 0 L2C puts;
    0 nanoseconds spent performing 0 L2C hits;
    0 nanoseconds spent performing 0 L2C misses;
    0 nanoseconds spent executing 0 flushes (flushing a total of 0 entities and 0 collections);
    0 nanoseconds spent executing 0 partial-flushes (flushing a total of 0 entities and 0 collections)
}
2020-10-05 20:16:08.773  INFO 2217 --- [restartedMain] i.StatisticalLoggingSessionEventListener : Session Metrics {
    0 nanoseconds spent acquiring 0 JDBC connections;
    0 nanoseconds spent releasing 0 JDBC connections;
    0 nanoseconds spent preparing 0 JDBC statements;
    0 nanoseconds spent executing 0 JDBC statements;
    0 nanoseconds spent executing 0 JDBC batches;
    0 nanoseconds spent performing 0 L2C puts;
    0 nanoseconds spent performing 0 L2C hits;
    0 nanoseconds spent performing 0 L2C misses;
    0 nanoseconds spent executing 0 flushes (flushing a total of 0 entities and 0 collections);
    0 nanoseconds spent executing 0 partial-flushes (flushing a total of 0 entities and 0 collections)
}
2020-10-05 20:16:08.788  INFO 2217 --- [restartedMain] i.StatisticalLoggingSessionEventListener : Session Metrics {
    0 nanoseconds spent acquiring 0 JDBC connections;
    0 nanoseconds spent releasing 0 JDBC connections;
    0 nanoseconds spent preparing 0 JDBC statements;
    0 nanoseconds spent executing 0 JDBC statements;
    0 nanoseconds spent executing 0 JDBC batches;
    0 nanoseconds spent performing 0 L2C puts;
    0 nanoseconds spent performing 0 L2C hits;
    0 nanoseconds spent performing 0 L2C misses;
    0 nanoseconds spent executing 0 flushes (flushing a total of 0 entities and 0 collections);
    0 nanoseconds spent executing 0 partial-flushes (flushing a total of 0 entities and 0 collections)
}
2020-10-05 20:16:08.791  INFO 2217 --- [restartedMain] i.StatisticalLoggingSessionEventListener : Session Metrics {
    0 nanoseconds spent acquiring 0 JDBC connections;
    0 nanoseconds spent releasing 0 JDBC connections;
    0 nanoseconds spent preparing 0 JDBC statements;
    0 nanoseconds spent executing 0 JDBC statements;
    0 nanoseconds spent executing 0 JDBC batches;
    0 nanoseconds spent performing 0 L2C puts;
    0 nanoseconds spent performing 0 L2C hits;
    0 nanoseconds spent performing 0 L2C misses;
    0 nanoseconds spent executing 0 flushes (flushing a total of 0 entities and 0 collections);
    0 nanoseconds spent executing 0 partial-flushes (flushing a total of 0 entities and 0 collections)
}
2020-10-05 20:16:08.796  INFO 2217 --- [restartedMain] DeferredRepositoryInitializationListener : Spring Data repositories initialized!
2020-10-05 20:16:08.818  INFO 2217 --- [restartedMain] com.mobileapi.api.ApiApplicationKt       : Started ApiApplicationKt in 6.023 seconds (JVM running for 7.192)
2020-10-05 20:16:09.087  INFO 2217 --- [RMI TCP Connection(2)-192.168.43.4] o.a.c.c.C.[.[localhost].[/mobileAPI]     : Initializing Spring DispatcherServlet 'dispatcherServlet'
2020-10-05 20:16:09.087  INFO 2217 --- [RMI TCP Connection(2)-192.168.43.4] o.s.web.servlet.DispatcherServlet        : Initializing Servlet 'dispatcherServlet'
2020-10-05 20:16:09.087 DEBUG 2217 --- [RMI TCP Connection(2)-192.168.43.4] o.s.web.servlet.DispatcherServlet        : Detected StandardServletMultipartResolver
2020-10-05 20:16:09.108 DEBUG 2217 --- [RMI TCP Connection(2)-192.168.43.4] o.s.web.servlet.DispatcherServlet        : enableLoggingRequestDetails='true': request parameters and headers will be shown which may lead to unsafe logging of potentially sensitive data
2020-10-05 20:16:09.108  INFO 2217 --- [RMI TCP Connection(2)-192.168.43.4] o.s.web.servlet.DispatcherServlet        : Completed initialization in 21 ms
2020-10-05 20:18:31.439  INFO 2217 --- [SpringContextShutdownHook] j.LocalContainerEntityManagerFactoryBean : Closing JPA EntityManagerFactory for persistence unit 'default'
2020-10-05 20:18:31.445 TRACE 2217 --- [SpringContextShutdownHook] o.h.type.spi.TypeConfiguration$Scope     : Handling #sessionFactoryClosed from [org.hibernate.internal.SessionFactoryImpl@1354e5f0] for TypeConfiguration
2020-10-05 20:18:31.446 DEBUG 2217 --- [SpringContextShutdownHook] o.h.type.spi.TypeConfiguration$Scope     : Un-scoping TypeConfiguration [org.hibernate.type.spi.TypeConfiguration$Scope@5d7f7f59] from SessionFactory [org.hibernate.internal.SessionFactoryImpl@1354e5f0]
2020-10-05 20:18:31.453  INFO 2217 --- [SpringContextShutdownHook] o.s.s.concurrent.ThreadPoolTaskExecutor  : Shutting down ExecutorService 'applicationTaskExecutor'
2020-10-05 20:18:31.454  INFO 2217 --- [SpringContextShutdownHook] com.zaxxer.hikari.HikariDataSource       : HikariPool-1 - Shutdown initiated...
2020-10-05 20:18:31.479  INFO 2217 --- [SpringContextShutdownHook] com.zaxxer.hikari.HikariDataSource       : HikariPool-1 - Shutdown completed.
